<?xml version="1.0" encoding="UTF-8"?>
<testsuite xmlns:xsi="http://www.w3.org/2001/XMLSchema-instance" xsi:noNamespaceSchemaLocation="https://maven.apache.org/surefire/maven-surefire-plugin/xsd/surefire-test-report-3.0.xsd" version="3.0" name="sakila.project.entities.InventoryTest" time="0.286" tests="1" errors="0" skipped="0" failures="0">
  <properties>
[...]
</properties>
  <testcase name="testSaveInventory" classname="sakila.project.entities.InventoryTest" time="0.08">
    <system-out><![CDATA[2023-09-27T15:01:48.915+01:00  INFO 4544 --- [           main] t.c.s.AnnotationConfigContextLoaderUtils : Could not detect default configuration classes for test class [sakila.project.entities.InventoryTest]: InventoryTest does not declare any static, non-private, non-final, nested classes annotated with @Configuration.
2023-09-27T15:01:48.931+01:00  INFO 4544 --- [           main] .b.t.c.SpringBootTestContextBootstrapper : Found @SpringBootConfiguration sakila.project.ProjectApplication for test class sakila.project.entities.InventoryTest

  .   ____          _            __ _ _
 /\\ / ___'_ __ _ _(_)_ __  __ _ \ \ \ \
( ( )\___ | '_ | '_| | '_ \/ _` | \ \ \ \
 \\/  ___)| |_)| | | | | || (_| |  ) ) ) )
  '  |____| .__|_| |_|_| |_\__, | / / / /
 =========|_|==============|___/=/_/_/_/
 :: Spring Boot ::                (v3.1.3)

2023-09-27T15:01:48.962+01:00  INFO 4544 --- [           main] sakila.project.entities.InventoryTest    : Starting InventoryTest using Java 17.0.8 with PID 4544 (started by Ibraheem in C:\Users\Ibraheem\IdeaProjects\Sakila)
2023-09-27T15:01:48.962+01:00  INFO 4544 --- [           main] sakila.project.entities.InventoryTest    : No active profile set, falling back to 1 default profile: "default"
2023-09-27T15:01:49.116+01:00  INFO 4544 --- [           main] o.s.b.t.m.w.SpringBootMockServletContext : Initializing Spring TestDispatcherServlet ''
2023-09-27T15:01:49.117+01:00  INFO 4544 --- [           main] o.s.t.web.servlet.TestDispatcherServlet  : Initializing Servlet ''
2023-09-27T15:01:49.117+01:00  INFO 4544 --- [           main] o.s.t.web.servlet.TestDispatcherServlet  : Completed initialization in 0 ms
2023-09-27T15:01:49.119+01:00  INFO 4544 --- [           main] sakila.project.entities.InventoryTest    : Started InventoryTest in 0.185 seconds (process running for 5.389)
]]></system-out>
  </testcase>
</testsuite>